[2020-10-29 22:51:58.863] [exthost] [info] extension host started
[2020-10-29 22:51:59.218] [exthost] [info] ExtensionService#_doActivateExtension ms-vscode.cpptools {"startup":false,"extensionId":{"value":"ms-vscode.cpptools","_lower":"ms-vscode.cpptools"},"activationEvent":"onLanguage:cpp"}
[2020-10-29 22:51:59.219] [exthost] [info] ExtensionService#loadCommonJSModule file:///home/pillai-amal/.vscode-server/extensions/ms-vscode.cpptools-1.0.1/dist/main
[2020-10-29 22:51:59.503] [exthost] [info] ExtensionService#_doActivateExtension ms-vscode.js-debug {"startup":false,"extensionId":{"value":"ms-vscode.js-debug","_lower":"ms-vscode.js-debug"},"activationEvent":"onDebugDynamicConfigurations"}
[2020-10-29 22:51:59.503] [exthost] [info] ExtensionService#loadCommonJSModule file:///home/pillai-amal/.vscode-server/bin/d2e414d9e4239a252d1ab117bd7067f125afd80a/extensions/ms-vscode.js-debug/src/extension.js
[2020-10-29 22:52:00.407] [exthost] [info] ExtensionService#_doActivateExtension vscode.debug-auto-launch {"startup":true,"extensionId":{"value":"vscode.debug-auto-launch","_lower":"vscode.debug-auto-launch"},"activationEvent":"*"}
[2020-10-29 22:52:00.407] [exthost] [info] ExtensionService#loadCommonJSModule file:///home/pillai-amal/.vscode-server/bin/d2e414d9e4239a252d1ab117bd7067f125afd80a/extensions/debug-auto-launch/dist/extension
[2020-10-29 22:52:00.415] [exthost] [info] ExtensionService#_doActivateExtension vscode.emmet {"startup":true,"extensionId":{"value":"vscode.emmet","_lower":"vscode.emmet"},"activationEvent":"*"}
[2020-10-29 22:52:00.415] [exthost] [info] ExtensionService#loadCommonJSModule file:///home/pillai-amal/.vscode-server/bin/d2e414d9e4239a252d1ab117bd7067f125afd80a/extensions/emmet/dist/node/emmetNodeMain
[2020-10-29 22:52:00.496] [exthost] [info] ExtensionService#_doActivateExtension vscode.git {"startup":true,"extensionId":{"value":"vscode.github","_lower":"vscode.github"},"activationEvent":"*"}
[2020-10-29 22:52:00.496] [exthost] [info] ExtensionService#loadCommonJSModule file:///home/pillai-amal/.vscode-server/bin/d2e414d9e4239a252d1ab117bd7067f125afd80a/extensions/git/dist/main
[2020-10-29 22:52:00.672] [exthost] [info] ExtensionService#_doActivateExtension vscode.merge-conflict {"startup":true,"extensionId":{"value":"vscode.merge-conflict","_lower":"vscode.merge-conflict"},"activationEvent":"*"}
[2020-10-29 22:52:00.672] [exthost] [info] ExtensionService#loadCommonJSModule file:///home/pillai-amal/.vscode-server/bin/d2e414d9e4239a252d1ab117bd7067f125afd80a/extensions/merge-conflict/dist/mergeConflictMain
[2020-10-29 22:52:00.683] [exthost] [info] ExtensionService#_doActivateExtension vscode.search-result {"startup":true,"extensionId":{"value":"vscode.search-result","_lower":"vscode.search-result"},"activationEvent":"*"}
[2020-10-29 22:52:00.683] [exthost] [info] ExtensionService#loadCommonJSModule file:///home/pillai-amal/.vscode-server/bin/d2e414d9e4239a252d1ab117bd7067f125afd80a/extensions/search-result/dist/extension.js
[2020-10-29 22:52:01.225] [exthost] [info] ExtensionService#_doActivateExtension vscode.github {"startup":true,"extensionId":{"value":"vscode.github","_lower":"vscode.github"},"activationEvent":"*"}
[2020-10-29 22:52:01.226] [exthost] [info] ExtensionService#loadCommonJSModule file:///home/pillai-amal/.vscode-server/bin/d2e414d9e4239a252d1ab117bd7067f125afd80a/extensions/github/dist/extension.js
[2020-10-29 22:52:01.395] [exthost] [info] eager extensions activated
[2020-10-29 22:52:16.921] [exthost] [info] ExtensionService#_doActivateExtension vscode.configuration-editing {"startup":false,"extensionId":{"value":"vscode.configuration-editing","_lower":"vscode.configuration-editing"},"activationEvent":"onLanguage:jsonc"}
[2020-10-29 22:52:16.921] [exthost] [info] ExtensionService#loadCommonJSModule file:///home/pillai-amal/.vscode-server/bin/d2e414d9e4239a252d1ab117bd7067f125afd80a/extensions/configuration-editing/dist/configurationEditingMain
[2020-10-29 22:52:17.425] [exthost] [info] ExtensionService#_doActivateExtension vscode.json-language-features {"startup":false,"extensionId":{"value":"vscode.json-language-features","_lower":"vscode.json-language-features"},"activationEvent":"onLanguage:jsonc"}
[2020-10-29 22:52:17.425] [exthost] [info] ExtensionService#loadCommonJSModule file:///home/pillai-amal/.vscode-server/bin/d2e414d9e4239a252d1ab117bd7067f125afd80a/extensions/json-language-features/client/dist/node/jsonClientMain
[2020-10-29 22:52:17.889] [exthost] [info] ExtensionService#_doActivateExtension vscode.typescript-language-features {"startup":false,"extensionId":{"value":"vscode.typescript-language-features","_lower":"vscode.typescript-language-features"},"activationEvent":"onLanguage:jsonc"}
[2020-10-29 22:52:17.889] [exthost] [info] ExtensionService#loadCommonJSModule file:///home/pillai-amal/.vscode-server/bin/d2e414d9e4239a252d1ab117bd7067f125afd80a/extensions/typescript-language-features/dist/extension
[2020-10-30 14:20:55.602] [exthost] [info] ExtensionService#_doActivateExtension vscode.debug-server-ready {"startup":false,"extensionId":{"value":"vscode.debug-server-ready","_lower":"vscode.debug-server-ready"},"activationEvent":"onDebugResolve"}
[2020-10-30 14:20:55.603] [exthost] [info] ExtensionService#loadCommonJSModule file:///home/pillai-amal/.vscode-server/bin/d2e414d9e4239a252d1ab117bd7067f125afd80a/extensions/debug-server-ready/dist/extension
